# JRE version: Java(TM) SE Runtime Environment (8.0_66-b17) (build 1.8.0_66-b17)
# Java VM: Java HotSpot(TM) 64-Bit Server VM (25.66-b17 mixed mode linux-amd64 compressed oops)
Heap:
 PSYoungGen      total 233472K, used 104986K [0x00000000eab00000, 0x00000000fd000000, 0x0000000100000000)
  eden space 214016K, 41% used [0x00000000eab00000,0x00000000f02b3888,0x00000000f7c00000)
  from space 19456K, 78% used [0x00000000f9f80000,0x00000000fae53138,0x00000000fb280000)
  to   space 36352K, 0% used [0x00000000f7c00000,0x00000000f7c00000,0x00000000f9f80000)
 ParOldGen       total 115712K, used 65585K [0x00000000c0000000, 0x00000000c7100000, 0x00000000eab00000)
  object space 115712K, 56% used [0x00000000c0000000,0x00000000c400c788,0x00000000c7100000)
 Metaspace       used 49324K, capacity 51230K, committed 51544K, reserved 1093632K
  class space    used 6685K, capacity 7444K, committed 7512K, reserved 1048576K
GC Heap History (10 events):
Event: 11,816 GC heap before
{Heap before GC invocations=11 (full 1):
 PSYoungGen      total 132096K, used 62758K [0x00000000eab00000, 0x00000000f6680000, 0x0000000100000000)
  eden space 123392K, 43% used [0x00000000eab00000,0x00000000edfd1ac8,0x00000000f2380000)
  from space 8704K, 99% used [0x00000000f2380000,0x00000000f2bf8020,0x00000000f2c00000)
  to   space 12800K, 0% used [0x00000000f5a00000,0x00000000f5a00000,0x00000000f6680000)
 ParOldGen       total 32768K, used 17023K [0x00000000c0000000, 0x00000000c2000000, 0x00000000eab00000)
  object space 32768K, 51% used [0x00000000c0000000,0x00000000c109ff18,0x00000000c2000000)
 Metaspace       used 34295K, capacity 35300K, committed 35416K, reserved 1079296K
  class space    used 4718K, capacity 5126K, committed 5208K, reserved 1048576K
Event: 11,860 GC heap after
Heap after GC invocations=11 (full 1):
 PSYoungGen      total 176128K, used 12770K [0x00000000eab00000, 0x00000000f7800000, 0x0000000100000000)
  eden space 163328K, 0% used [0x00000000eab00000,0x00000000eab00000,0x00000000f4a80000)
  from space 12800K, 99% used [0x00000000f5a00000,0x00000000f66789b8,0x00000000f6680000)
  to   space 15872K, 0% used [0x00000000f4a80000,0x00000000f4a80000,0x00000000f5a00000)
 ParOldGen       total 32768K, used 19573K [0x00000000c0000000, 0x00000000c2000000, 0x00000000eab00000)
  object space 32768K, 59% used [0x00000000c0000000,0x00000000c131d518,0x00000000c2000000)
 Metaspace       used 34295K, capacity 35300K, committed 35416K, reserved 1079296K
  class space    used 4718K, capacity 5126K, committed 5208K, reserved 1048576K
}
Event: 11,860 GC heap before
{Heap before GC invocations=12 (full 2):
 PSYoungGen      total 176128K, used 12770K [0x00000000eab00000, 0x00000000f7800000, 0x0000000100000000)
  eden space 163328K, 0% used [0x00000000eab00000,0x00000000eab00000,0x00000000f4a80000)
  from space 12800K, 99% used [0x00000000f5a00000,0x00000000f66789b8,0x00000000f6680000)
  to   space 15872K, 0% used [0x00000000f4a80000,0x00000000f4a80000,0x00000000f5a00000)
 ParOldGen       total 32768K, used 19573K [0x00000000c0000000, 0x00000000c2000000, 0x00000000eab00000)
  object space 32768K, 59% used [0x00000000c0000000,0x00000000c131d518,0x00000000c2000000)
 Metaspace       used 34295K, capacity 35300K, committed 35416K, reserved 1079296K
  class space    used 4718K, capacity 5126K, committed 5208K, reserved 1048576K
Event: 11,983 GC heap after
Heap after GC invocations=12 (full 2):
 PSYoungGen      total 176128K, used 0K [0x00000000eab00000, 0x00000000f7800000, 0x0000000100000000)
  eden space 163328K, 0% used [0x00000000eab00000,0x00000000eab00000,0x00000000f4a80000)
  from space 12800K, 0% used [0x00000000f5a00000,0x00000000f5a00000,0x00000000f6680000)
  to   space 15872K, 0% used [0x00000000f4a80000,0x00000000f4a80000,0x00000000f5a00000)
 ParOldGen       total 55808K, used 25004K [0x00000000c0000000, 0x00000000c3680000, 0x00000000eab00000)
  object space 55808K, 44% used [0x00000000c0000000,0x00000000c186b358,0x00000000c3680000)
 Metaspace       used 34295K, capacity 35300K, committed 35416K, reserved 1079296K
  class space    used 4718K, capacity 5126K, committed 5208K, reserved 1048576K
}
Event: 14,747 GC heap before
{Heap before GC invocations=13 (full 2):
 PSYoungGen      total 176128K, used 163328K [0x00000000eab00000, 0x00000000f7800000, 0x0000000100000000)
  eden space 163328K, 100% used [0x00000000eab00000,0x00000000f4a80000,0x00000000f4a80000)
  from space 12800K, 0% used [0x00000000f5a00000,0x00000000f5a00000,0x00000000f6680000)
  to   space 15872K, 0% used [0x00000000f4a80000,0x00000000f4a80000,0x00000000f5a00000)
 ParOldGen       total 55808K, used 25004K [0x00000000c0000000, 0x00000000c3680000, 0x00000000eab00000)
  object space 55808K, 44% used [0x00000000c0000000,0x00000000c186b358,0x00000000c3680000)
 Metaspace       used 39175K, capacity 40706K, committed 40792K, reserved 1083392K
  class space    used 5556K, capacity 6156K, committed 6232K, reserved 1048576K
Event: 14,777 GC heap after
Heap after GC invocations=13 (full 2):
 PSYoungGen      total 179200K, used 15856K [0x00000000eab00000, 0x00000000fb280000, 0x0000000100000000)
  eden space 163328K, 0% used [0x00000000eab00000,0x00000000eab00000,0x00000000f4a80000)
  from space 15872K, 99% used [0x00000000f4a80000,0x00000000f59fc020,0x00000000f5a00000)
  to   space 19456K, 0% used [0x00000000f9f80000,0x00000000f9f80000,0x00000000fb280000)
 ParOldGen       total 55808K, used 27668K [0x00000000c0000000, 0x00000000c3680000, 0x00000000eab00000)
  object space 55808K, 49% used [0x00000000c0000000,0x00000000c1b052d0,0x00000000c3680000)
 Metaspace       used 39175K, capacity 40706K, committed 40792K, reserved 1083392K
  class space    used 5556K, capacity 6156K, committed 6232K, reserved 1048576K
}
Event: 21,511 GC heap before
{Heap before GC invocations=14 (full 2):
 PSYoungGen      total 179200K, used 179184K [0x00000000eab00000, 0x00000000fb280000, 0x0000000100000000)
  eden space 163328K, 100% used [0x00000000eab00000,0x00000000f4a80000,0x00000000f4a80000)
  from space 15872K, 99% used [0x00000000f4a80000,0x00000000f59fc020,0x00000000f5a00000)
  to   space 19456K, 0% used [0x00000000f9f80000,0x00000000f9f80000,0x00000000fb280000)
 ParOldGen       total 55808K, used 27668K [0x00000000c0000000, 0x00000000c3680000, 0x00000000eab00000)
  object space 55808K, 49% used [0x00000000c0000000,0x00000000c1b052d0,0x00000000c3680000)
 Metaspace       used 47699K, capacity 49502K, committed 49880K, reserved 1091584K
  class space    used 6537K, capacity 7273K, committed 7384K, reserved 1048576K
Event: 21,620 GC heap after
Heap after GC invocations=14 (full 2):
 PSYoungGen      total 233472K, used 19436K [0x00000000eab00000, 0x00000000fd000000, 0x0000000100000000)
  eden space 214016K, 0% used [0x00000000eab00000,0x00000000eab00000,0x00000000f7c00000)
  from space 19456K, 99% used [0x00000000f9f80000,0x00000000fb27b3c8,0x00000000fb280000)
  to   space 36352K, 0% used [0x00000000f7c00000,0x00000000f7c00000,0x00000000f9f80000)
 ParOldGen       total 66048K, used 65813K [0x00000000c0000000, 0x00000000c4080000, 0x00000000eab00000)
  object space 66048K, 99% used [0x00000000c0000000,0x00000000c4045720,0x00000000c4080000)
 Metaspace       used 47699K, capacity 49502K, committed 49880K, reserved 1091584K
  class space    used 6537K, capacity 7273K, committed 7384K, reserved 1048576K
}
Event: 21,620 GC heap before
{Heap before GC invocations=15 (full 3):
 PSYoungGen      total 233472K, used 19436K [0x00000000eab00000, 0x00000000fd000000, 0x0000000100000000)
  eden space 214016K, 0% used [0x00000000eab00000,0x00000000eab00000,0x00000000f7c00000)
  from space 19456K, 99% used [0x00000000f9f80000,0x00000000fb27b3c8,0x00000000fb280000)
  to   space 36352K, 0% used [0x00000000f7c00000,0x00000000f7c00000,0x00000000f9f80000)
 ParOldGen       total 66048K, used 65813K [0x00000000c0000000, 0x00000000c4080000, 0x00000000eab00000)
  object space 66048K, 99% used [0x00000000c0000000,0x00000000c4045720,0x00000000c4080000)
 Metaspace       used 47699K, capacity 49502K, committed 49880K, reserved 1091584K
  class space    used 6537K, capacity 7273K, committed 7384K, reserved 1048576K
Event: 22,014 GC heap after
Heap after GC invocations=15 (full 3):
 PSYoungGen      total 233472K, used 15180K [0x00000000eab00000, 0x00000000fd000000, 0x0000000100000000)
  eden space 214016K, 0% used [0x00000000eab00000,0x00000000eab00000,0x00000000f7c00000)
  from space 19456K, 78% used [0x00000000f9f80000,0x00000000fae53138,0x00000000fb280000)
  to   space 36352K, 0% used [0x00000000f7c00000,0x00000000f7c00000,0x00000000f9f80000)
 ParOldGen       total 115712K, used 65585K [0x00000000c0000000, 0x00000000c7100000, 0x00000000eab00000)
  object space 115712K, 56% used [0x00000000c0000000,0x00000000c400c788,0x00000000c7100000)
 Metaspace       used 47699K, capacity 49502K, committed 49880K, reserved 1091584K
  class space    used 6537K, capacity 7273K, committed 7384K, reserved 1048576K
}

